{"type":"server-started","port":52791,"host":"127.0.0.1","url_host":"localhost","url":"http://localhost:52791","screen_dir":"/home/victorhbi/Área de trabalho/projects/EasyPost/.superpowers/brainstorm/334586-1781284759/content","state_dir":"/home/victorhbi/Área de trabalho/projects/EasyPost/.superpowers/brainstorm/334586-1781284759/state"}
{"type":"screen-added","file":"/home/victorhbi/Área de trabalho/projects/EasyPost/.superpowers/brainstorm/334586-1781284759/content/abordagens.html"}
{"source":"user-event","type":"click","text":"A\n    \n      Server Actions + App Router (Recomendado)\n      Usa Server Components do Next.js 16 para leitura de dados e Server Actions para mutações. API routes só para PDF. Menos código cliente, mais rápido, sem estado global.\n      \n        PrósMenos boilerplateSem fetch manual na maioria das rotasFormulários com action= nativo\n        ContrasPadrão mais novo, menos exemplosMudança em relação ao código atual","choice":"a","id":null,"timestamp":1781285390236}
{"source":"user-event","type":"click","text":"C\n    \n      Híbrido: Server Components + API só pra PDF\n      Pages e listas como Server Components (leitura direta do Prisma). Formulários como Client Components com Server Actions. API route só para geração do PDF.\n      \n        PrósMelhor dos dois mundosPerformance boa sem complexidade extraFácil de evoluir\n        ContrasMistura dois padrõesRequer entender Server vs Client components","choice":"c","id":null,"timestamp":1781285431900}
{"source":"user-event","type":"click","text":"C\n    \n      Híbrido: Server Components + API só pra PDF\n      Pages e listas como Server Components (leitura direta do Prisma). Formulários como Client Components com Server Actions. API route só para geração do PDF.\n      \n        PrósMelhor dos dois mundosPerformance boa sem complexidade extraFácil de evoluir\n        ContrasMistura dois padrõesRequer entender Server vs Client components","choice":"c","id":null,"timestamp":1781285449796}
{"type":"screen-added","file":"/home/victorhbi/Área de trabalho/projects/EasyPost/.superpowers/brainstorm/334586-1781284759/content/arquitetura-rotas.html"}
{"source":"user-event","type":"click","text":"✓\n    Parece certo, avança","choice":"ok","id":null,"timestamp":1781285753472}
{"source":"user-event","type":"click","text":"✓\n    Parece certo, avança","choice":"ok","id":null,"timestamp":1781285791456}
{"source":"user-event","type":"click","text":"✓\n    Parece certo, avança","choice":"ok","id":null,"timestamp":1781285791633}
{"source":"user-event","type":"click","text":"✓\n    Parece certo, avança","choice":"ok","id":null,"timestamp":1781285802081}
{"source":"user-event","type":"click","text":"✓\n    Parece certo, avança","choice":"ok","id":null,"timestamp":1781285802609}
{"source":"user-event","type":"click","text":"✓\n    Parece certo, avança","choice":"ok","id":null,"timestamp":1781285802744}
{"source":"user-event","type":"click","text":"✓\n    Parece certo, avança","choice":"ok","id":null,"timestamp":1781285802904}
{"source":"user-event","type":"click","text":"✓\n    Parece certo, avança","choice":"ok","id":null,"timestamp":1781285803049}
{"type":"screen-added","file":"/home/victorhbi/Área de trabalho/projects/EasyPost/.superpowers/brainstorm/334586-1781284759/content/banco-dados.html"}
{"source":"user-event","type":"click","text":"✓\n    Schema aprovado","choice":"ok","id":null,"timestamp":1781285865850}
{"source":"user-event","type":"click","text":"✓\n    Schema aprovado","choice":"ok","id":null,"timestamp":1781285894138}
{"source":"user-event","type":"click","text":"✓\n    Schema aprovado","choice":"ok","id":null,"timestamp":1781285894313}
{"source":"user-event","type":"click","text":"✓\n    Schema aprovado","choice":"ok","id":null,"timestamp":1781285894498}
{"source":"user-event","type":"click","text":"✓\n    Schema aprovado","choice":"ok","id":null,"timestamp":1781285894642}
{"source":"user-event","type":"click","text":"✓\n    Schema aprovado","choice":"ok","id":null,"timestamp":1781285895257}
{"type":"screen-added","file":"/home/victorhbi/Área de trabalho/projects/EasyPost/.superpowers/brainstorm/334586-1781284759/content/fluxo-orcamento.html"}
{"source":"user-event","type":"click","text":"✓\n    Fluxo aprovado","choice":"ok","id":null,"timestamp":1781286039676}
{"type":"screen-added","file":"/home/victorhbi/Área de trabalho/projects/EasyPost/.superpowers/brainstorm/334586-1781284759/content/componentes.html"}
{"source":"user-event","type":"click","text":"✓\n    Design completo aprovado","choice":"ok","id":null,"timestamp":1781286162757}
{"source":"user-event","type":"click","text":"✓\n    Design completo aprovado","choice":"ok","id":null,"timestamp":1781286163469}
{"source":"user-event","type":"click","text":"✓\n    Design completo aprovado","choice":"ok","id":null,"timestamp":1781286163621}
{"source":"user-event","type":"click","text":"✓\n    Design completo aprovado","choice":"ok","id":null,"timestamp":1781286163789}
{"source":"user-event","type":"click","text":"✓\n    Design completo aprovado","choice":"ok","id":null,"timestamp":1781286163941}
{"source":"user-event","type":"click","text":"✓\n    Design completo aprovado","choice":"ok","id":null,"timestamp":1781286164109}
{"source":"user-event","type":"click","text":"✓\n    Design completo aprovado","choice":"ok","id":null,"timestamp":1781286164821}
{"type":"server-stopped","reason":"idle timeout"}
